Arguments: 
  C:\Program Files\nodejs\node.exe C:\Users\pcnue\AppData\Roaming\npm\node_modules\yarn\bin\yarn.js install

PATH: 
  C:\Program Files\Microsoft MPI\Bin\;C:\WINDOWS\system32;C:\WINDOWS;C:\WINDOWS\System32\Wbem;C:\WINDOWS\System32\WindowsPowerShell\v1.0\;C:\WINDOWS\System32\OpenSSH\;C:\Program Files (x86)\ATI Technologies\ATI.ACE\Core-Static;C:\Program Files\Microsoft SQL Server\Client SDK\ODBC\170\Tools\Binn\;C:\Program Files (x86)\Microsoft SQL Server\150\Tools\Binn\;C:\Program Files\Microsoft SQL Server\150\Tools\Binn\;C:\Program Files\Microsoft SQL Server\150\DTS\Binn\;C:\Program Files\Git\cmd;C:\Program Files (x86)\Microsoft SQL Server\160\Tools\Binn\;C:\Program Files\Microsoft SQL Server\160\Tools\Binn\;C:\Program Files\Microsoft SQL Server\160\DTS\Binn\;C:\Program Files (x86)\Microsoft SQL Server\160\DTS\Binn\;C:\Program Files\Azure Data Studio\bin;C:\Program Files (x86)\Tesseract-OCR;C:\Program Files\Amazon\AWSCLIV2\;C:\Program Files\Docker\Docker\resources\bin;;C:\Program Files\nodejs\;C:\Users\pcnue\.console-ninja\.bin;C:\Users\pcnue\AppData\Local\Programs\Python\Python39\Scripts\;C:\Users\pcnue\AppData\Local\Programs\Python\Python39\;C:\Users\pcnue\anaconda3;C:\Users\pcnue\anaconda3\Library\mingw-w64\bin;C:\Users\pcnue\anaconda3\Library\usr\bin;C:\Users\pcnue\anaconda3\Library\bin;C:\Users\pcnue\anaconda3\Scripts;C:\Users\pcnue\AppData\Local\Microsoft\WindowsApps;C:\Users\pcnue\AppData\Local\JetBrains\PyCharm Community Edition 2021.2.1\bin;C:\Users\pcnue\AppData\Local\Programs\Microsoft VS Code\bin;C:\Users\pcnue\AppData\Local\GitHubDesktop\bin;C:\Users\pcnue\AppData\Local\Programs\oh-my-posh\bin;C:\SQLite Proyectos;C:\Program Files\tesseract\Tesseract-OCR;C:\Users\pcnue\AppData\Roaming\npm

Yarn version: 
  1.22.19

Node version: 
  16.20.1

Platform: 
  win32 x64

Trace: 
  Error: EPERM: operation not permitted, open 'C:\Users\pcnue\Desktop\Restyle_Google\node_modules\postcss-browser-comments\node_modules\.bin\browserslist'

npm manifest: 
  {
    "dependencies": {
      "react": "^18.0.0",
      "react-dom": "^18.0.0",
      "react-scripts": "^5.0.0",
      "react-icons": "4.11.0",
      "framer-motion": "5.0.0-beta.24"
    },
    "scripts": {
      "start": "react-scripts start",
      "build": "react-scripts build"
    },
    "main": "./src/index.js",
    "devDependencies": {},
    "browserslist": {
      "production": [
        ">0.2%",
        "not dead",
        "not op_mini all"
      ],
      "development": [
        "last 1 chrome version",
        "last 1 firefox version",
        "last 1 safari version"
      ]
    }
  }

yarn manifest: 
  No manifest

Lockfile: 
  No lockfile
